#
# A fatal error has been detected by the Java Runtime Environment:
#
#  EXCEPTION_ACCESS_VIOLATION (0xc0000005) at pc=0x00007ff9ac8fa03a, pid=19320, tid=0x0000000000000c04
#
# JRE version: OpenJDK Runtime Environment (8.0_332-b08) (build 1.8.0_332-b08)
# Java VM: OpenJDK 64-Bit Server VM (25.332-b08 mixed mode windows-amd64 compressed oops)
# Problematic frame:
# C  [lwjgl_opengl.dll+0xa03a]
#
# Failed to write core dump. Minidumps are not enabled by default on client versions of Windows
#
# If you would like to submit a bug report, please visit:
#   https://github.com/corretto/corretto-8/issues/
# The crash happened outside the Java Virtual Machine in native code.
# See problematic frame for where to report the bug.
#

---------------  T H R E A D  ---------------

Current thread (0x0000024b3d1c7000):  JavaThread "main" [_thread_in_native, id=3076, stack(0x000000b574e00000,0x000000b574f00000)]

siginfo: ExceptionCode=0xc0000005, reading address 0x0000000000000030

Registers:
RAX=0x0000024b59467b80, RBX=0x0000024b57955670, RCX=0x0000000000000002, RDX=0x0000000000000000
RSP=0x000000b574eff728, RBP=0x000000b574eff798, RSI=0x0000000000000000, RDI=0x0000024b3eba7bd0
R8 =0x0000000000000002, R9 =0x0000024b3d1ba380, R10=0x0000024b3ebb9c62, R11=0x0000000055ea5e30
R12=0x0000000000000000, R13=0x0000024b57955668, R14=0x000000b574eff7b8, R15=0x0000024b3d1c7000
RIP=0x00007ff9ac8fa03a, EFLAGS=0x0000000000010206

Top of Stack: (sp=0x000000b574eff728)
0x000000b574eff728:   0000024b3ebb9c8e 0000024b3d1c7000
0x000000b574eff738:   0000024b57955670 0000000000000000
0x000000b574eff748:   0000024b3d1c7000 0000024b3ebb9942
0x000000b574eff758:   000000b574eff758 0000024b57955668
0x000000b574eff768:   000000b574eff7b8 0000024b5797fd00
0x000000b574eff778:   0000000000000000 0000024b57955670
0x000000b574eff788:   0000000000000000 000000b574eff7b8
0x000000b574eff798:   000000b574eff800 0000024b3eba80bd
0x000000b574eff7a8:   000000076baa1390 0000024b3ebb2ab8
0x000000b574eff7b8:   0000000000000002 000000b574eff7c0
0x000000b574eff7c8:   0000024b57820581 000000b574eff818
0x000000b574eff7d8:   0000024b57820618 0000000000000000
0x000000b574eff7e8:   0000024b578205c0 000000b574eff7b8
0x000000b574eff7f8:   000000b574eff810 000000b574eff860
0x000000b574eff808:   0000024b3eba80bd 0000024b584cf100
0x000000b574eff818:   0000000000000190 000000b574eff820 

Instructions: (pc=0x00007ff9ac8fa03a)
0x00007ff9ac8fa01a:   ff e0 cc cc cc cc 48 8b 01 41 8b c8 48 8b 50 18
0x00007ff9ac8fa02a:   48 ff 62 28 cc cc 48 8b 01 41 8b c8 48 8b 50 18
0x00007ff9ac8fa03a:   48 ff 62 30 cc cc 48 8b 01 41 8b d1 f3 0f 10 44
0x00007ff9ac8fa04a:   24 40 41 8b c8 f3 0f 10 4c 24 38 f3 0f 10 5c 24 


Register to memory mapping:

RAX=0x0000024b59467b80 is an unknown value
RBX={method} {0x0000024b57955678} 'glBegin' '(I)V' in 'org/lwjgl/opengl/GL11'
RCX=0x0000000000000002 is an unknown value
RDX=0x0000000000000000 is an unknown value
RSP=0x000000b574eff728 is pointing into the stack for thread: 0x0000024b3d1c7000
RBP=0x000000b574eff798 is pointing into the stack for thread: 0x0000024b3d1c7000
RSI=0x0000000000000000 is an unknown value
RDI=0x0000024b3eba7bd0 is at code_begin+1040 in an Interpreter codelet
invoke return entry points  [0x0000024b3eba77c0, 0x0000024b3eba81a0]  2528 bytes
R8 =0x0000000000000002 is an unknown value
R9 =0x0000024b3d1ba380 is an unknown value
R10=0x0000024b3ebb9c62 is at code_begin+962 in an Interpreter codelet
method entry point (kind = native)  [0x0000024b3ebb98a0, 0x0000024b3ebba340]  2720 bytes
R11=0x0000000055ea5e30 is an unknown value
R12=0x0000000000000000 is an unknown value
R13=0x0000024b57955668 is pointing into metadata
R14=0x000000b574eff7b8 is pointing into the stack for thread: 0x0000024b3d1c7000
R15=0x0000024b3d1c7000 is a thread


Stack: [0x000000b574e00000,0x000000b574f00000],  sp=0x000000b574eff728,  free space=1021k
Native frames: (J=compiled Java code, j=interpreted, Vv=VM code, C=native code)
C  [lwjgl_opengl.dll+0xa03a]

Java frames: (J=compiled Java code, j=interpreted, Vv=VM code)
j  org.lwjgl.opengl.GL11.glBegin(I)V+0
j  gamelauncher.test.WindowTest.frame(J)V+1
j  gamelauncher.test.WindowTest.main([Ljava/lang/String;)V+25
v  ~StubRoutines::call_stub

---------------  P R O C E S S  ---------------

Java Threads: ( => current thread )
  0x0000024b584cb000 JavaThread "Service Thread" daemon [_thread_blocked, id=10760, stack(0x000000b575b00000,0x000000b575c00000)]
  0x0000024b5848a000 JavaThread "C1 CompilerThread2" daemon [_thread_blocked, id=2864, stack(0x000000b575a00000,0x000000b575b00000)]
  0x0000024b58485000 JavaThread "C2 CompilerThread1" daemon [_thread_blocked, id=6088, stack(0x000000b575900000,0x000000b575a00000)]
  0x0000024b5847b000 JavaThread "C2 CompilerThread0" daemon [_thread_blocked, id=17016, stack(0x000000b575800000,0x000000b575900000)]
  0x0000024b5846c800 JavaThread "Attach Listener" daemon [_thread_blocked, id=3668, stack(0x000000b575700000,0x000000b575800000)]
  0x0000024b5846b000 JavaThread "Signal Dispatcher" daemon [_thread_blocked, id=19216, stack(0x000000b575600000,0x000000b575700000)]
  0x0000024b57d1a000 JavaThread "Finalizer" daemon [_thread_blocked, id=15908, stack(0x000000b575500000,0x000000b575600000)]
  0x0000024b58445800 JavaThread "Reference Handler" daemon [_thread_blocked, id=17396, stack(0x000000b575400000,0x000000b575500000)]
=>0x0000024b3d1c7000 JavaThread "main" [_thread_in_native, id=3076, stack(0x000000b574e00000,0x000000b574f00000)]

Other Threads:
  0x0000024b58424000 VMThread [stack: 0x000000b575300000,0x000000b575400000] [id=3512]
  0x0000024b584cc800 WatcherThread [stack: 0x000000b575c00000,0x000000b575d00000] [id=18708]

VM state:not at safepoint (normal execution)

VM Mutex/Monitor currently owned by a thread: None

heap address: 0x00000006c1c00000, size: 4068 MB, Compressed Oops mode: Zero based, Oop shift amount: 3
Narrow klass base: 0x0000000000000000, Narrow klass shift: 3
Compressed class space size: 1073741824 Address: 0x00000007c0000000

Heap:
 PSYoungGen      total 76288K, used 7873K [0x000000076b400000, 0x0000000770900000, 0x00000007c0000000)
  eden space 65536K, 12% used [0x000000076b400000,0x000000076bbb0448,0x000000076f400000)
  from space 10752K, 0% used [0x000000076fe80000,0x000000076fe80000,0x0000000770900000)
  to   space 10752K, 0% used [0x000000076f400000,0x000000076f400000,0x000000076fe80000)
 ParOldGen       total 175104K, used 0K [0x00000006c1c00000, 0x00000006cc700000, 0x000000076b400000)
  object space 175104K, 0% used [0x00000006c1c00000,0x00000006c1c00000,0x00000006cc700000)
 Metaspace       used 6112K, capacity 6348K, committed 6400K, reserved 1056768K
  class space    used 627K, capacity 724K, committed 768K, reserved 1048576K

Card table byte_map: [0x0000024b4df60000,0x0000024b4e760000] byte_map_base: 0x0000024b4a952000

Marking Bits: (ParMarkBitMap*) 0x0000000056497850
 Begin Bits: [0x0000024b4ecb0000, 0x0000024b52c40000)
 End Bits:   [0x0000024b52c40000, 0x0000024b56bd0000)

Polling page: 0x0000024b3d380000

CodeCache: size=245760Kb used=2326Kb max_used=2326Kb free=243433Kb
 bounds [0x0000024b3eba0000, 0x0000024b3ee10000, 0x0000024b4dba0000]
 total_blobs=1281 nmethods=434 adapters=760
 compilation: enabled

Compilation events (10 events):
Event: 0.435 Thread 0x0000024b5848a000  422       3       java.net.URL::<init> (8 bytes)
Event: 0.435 Thread 0x0000024b5848a000 nmethod 422 0x0000024b3eddfe10 code [0x0000024b3eddff80, 0x0000024b3ede0110]
Event: 0.435 Thread 0x0000024b5848a000  424   !   3       java.net.URL::set (114 bytes)
Event: 0.435 Thread 0x0000024b5847b000 nmethod 425 0x0000024b3ede2f90 code [0x0000024b3ede30e0, 0x0000024b3ede32f8]
Event: 0.435 Thread 0x0000024b5848a000 nmethod 424 0x0000024b3ede1c10 code [0x0000024b3ede1e00, 0x0000024b3ede2960]
Event: 0.435 Thread 0x0000024b5848a000  427  s    3       java.lang.StringBuffer::append (13 bytes)
Event: 0.435 Thread 0x0000024b5848a000 nmethod 427 0x0000024b3ede1690 code [0x0000024b3ede1800, 0x0000024b3ede1b30]
Event: 0.435 Thread 0x0000024b5848a000  428   !   3       java.io.WinNTFileSystem::isInvalid (78 bytes)
Event: 0.436 Thread 0x0000024b5848a000 nmethod 428 0x0000024b3ede3450 code [0x0000024b3ede3640, 0x0000024b3ede4140]
Event: 0.436 Thread 0x0000024b5848a000  429       3       java.net.URLStreamHandler::setURL (73 bytes)

GC Heap History (0 events):
No events

Deoptimization events (0 events):
No events

Classes redefined (0 events):
No events

Internal exceptions (10 events):
Event: 0.266 Thread 0x0000024b3d1c7000 Exception <a 'java/security/PrivilegedActionException'> (0x000000076b8baf58) thrown at [C:\wsjdk\Corretto8Src\installers\windows\zip\corretto-build\buildRoot\src\hotspot\src\share\vm\prims\jvm.cpp, line 1524]
Event: 0.266 Thread 0x0000024b3d1c7000 Exception <a 'java/security/PrivilegedActionException'> (0x000000076b8bb168) thrown at [C:\wsjdk\Corretto8Src\installers\windows\zip\corretto-build\buildRoot\src\hotspot\src\share\vm\prims\jvm.cpp, line 1524]
Event: 0.293 Thread 0x0000024b3d1c7000 Exception <a 'sun/nio/fs/WindowsException'> (0x000000076b90d918) thrown at [C:\wsjdk\Corretto8Src\installers\windows\zip\corretto-build\buildRoot\src\hotspot\src\share\vm\prims\jni.cpp, line 711]
Event: 0.294 Thread 0x0000024b3d1c7000 Exception <a 'sun/nio/fs/WindowsException'> (0x000000076b90e1d8) thrown at [C:\wsjdk\Corretto8Src\installers\windows\zip\corretto-build\buildRoot\src\hotspot\src\share\vm\prims\jni.cpp, line 711]
Event: 0.306 Thread 0x0000024b3d1c7000 Exception <a 'sun/nio/fs/WindowsException'> (0x000000076b952358) thrown at [C:\wsjdk\Corretto8Src\installers\windows\zip\corretto-build\buildRoot\src\hotspot\src\share\vm\prims\jni.cpp, line 711]
Event: 0.306 Thread 0x0000024b3d1c7000 Exception <a 'sun/nio/fs/WindowsException'> (0x000000076b952a40) thrown at [C:\wsjdk\Corretto8Src\installers\windows\zip\corretto-build\buildRoot\src\hotspot\src\share\vm\prims\jni.cpp, line 711]
Event: 0.423 Thread 0x0000024b3d1c7000 Exception <a 'sun/nio/fs/WindowsException'> (0x000000076bad2db8) thrown at [C:\wsjdk\Corretto8Src\installers\windows\zip\corretto-build\buildRoot\src\hotspot\src\share\vm\prims\jni.cpp, line 711]
Event: 0.423 Thread 0x0000024b3d1c7000 Exception <a 'sun/nio/fs/WindowsException'> (0x000000076bad3500) thrown at [C:\wsjdk\Corretto8Src\installers\windows\zip\corretto-build\buildRoot\src\hotspot\src\share\vm\prims\jni.cpp, line 711]
Event: 0.431 Thread 0x0000024b3d1c7000 Exception <a 'sun/nio/fs/WindowsException'> (0x000000076badefc8) thrown at [C:\wsjdk\Corretto8Src\installers\windows\zip\corretto-build\buildRoot\src\hotspot\src\share\vm\prims\jni.cpp, line 711]
Event: 0.431 Thread 0x0000024b3d1c7000 Exception <a 'sun/nio/fs/WindowsException'> (0x000000076badf5c8) thrown at [C:\wsjdk\Corretto8Src\installers\windows\zip\corretto-build\buildRoot\src\hotspot\src\share\vm\prims\jni.cpp, line 711]

Events (10 events):
Event: 0.433 loading class org/lwjgl/system/MemoryManage$StdlibAllocator
Event: 0.433 loading class org/lwjgl/system/MemoryManage$StdlibAllocator done
Event: 0.433 loading class org/lwjgl/system/MemoryManage$DebugAllocator
Event: 0.433 loading class org/lwjgl/system/MemoryManage$DebugAllocator done
Event: 0.434 loading class org/lwjgl/system/libc/LibCStdlib
Event: 0.434 loading class org/lwjgl/system/libc/LibCStdlib done
Event: 0.435 loading class org/lwjgl/opengl/GL$1
Event: 0.435 loading class org/lwjgl/opengl/GL$1 done
Event: 0.435 loading class org/lwjgl/system/SharedLibrary$Delegate
Event: 0.435 loading class org/lwjgl/system/SharedLibrary$Delegate done


Dynamic libraries:
0x00007ff6e50c0000 - 0x00007ff6e50fa000 	C:\Program Files\Amazon Corretto\jdk1.8.0_332\bin\javaw.exe
0x00007ff9d6490000 - 0x00007ff9d6685000 	C:\Windows\SYSTEM32\ntdll.dll
0x00007ff9d6390000 - 0x00007ff9d644d000 	C:\Windows\System32\KERNEL32.DLL
0x00007ff9d3dc0000 - 0x00007ff9d408d000 	C:\Windows\System32\KERNELBASE.dll
0x00007ff9d62e0000 - 0x00007ff9d638e000 	C:\Windows\System32\ADVAPI32.dll
0x00007ff9d56e0000 - 0x00007ff9d577e000 	C:\Windows\System32\msvcrt.dll
0x00007ff9d5db0000 - 0x00007ff9d5e4c000 	C:\Windows\System32\sechost.dll
0x00007ff9d5e50000 - 0x00007ff9d5f75000 	C:\Windows\System32\RPCRT4.dll
0x00007ff9d44e0000 - 0x00007ff9d4680000 	C:\Windows\System32\USER32.dll
0x00007ff9d41a0000 - 0x00007ff9d41c2000 	C:\Windows\System32\win32u.dll
0x00007ff9d5910000 - 0x00007ff9d593a000 	C:\Windows\System32\GDI32.dll
0x00007ff9d4090000 - 0x00007ff9d419b000 	C:\Windows\System32\gdi32full.dll
0x00007ff9d4390000 - 0x00007ff9d442d000 	C:\Windows\System32\msvcp_win.dll
0x00007ff9d4200000 - 0x00007ff9d4300000 	C:\Windows\System32\ucrtbase.dll
0x00007ff9c8300000 - 0x00007ff9c859a000 	C:\Windows\WinSxS\amd64_microsoft.windows.common-controls_6595b64144ccf1df_6.0.19041.1110_none_60b5254171f9507e\COMCTL32.dll
0x00007ff9d61a0000 - 0x00007ff9d61d0000 	C:\Windows\System32\IMM32.DLL
0x00007ff9abb90000 - 0x00007ff9abc7f000 	C:\Program Files\Amazon Corretto\jdk1.8.0_332\jre\bin\msvcr120.dll
0x00007ff9ab040000 - 0x00007ff9ab0e6000 	C:\Program Files\Amazon Corretto\jdk1.8.0_332\jre\bin\msvcp120.dll
0x0000000055ca0000 - 0x0000000056516000 	C:\Program Files\Amazon Corretto\jdk1.8.0_332\jre\bin\server\jvm.dll
0x00007ff9d5cf0000 - 0x00007ff9d5cf8000 	C:\Windows\System32\PSAPI.DLL
0x00007ff9c8030000 - 0x00007ff9c8057000 	C:\Windows\SYSTEM32\WINMM.dll
0x00007ff9c5c50000 - 0x00007ff9c5c59000 	C:\Windows\SYSTEM32\WSOCK32.dll
0x00007ff9d5c80000 - 0x00007ff9d5ceb000 	C:\Windows\System32\WS2_32.dll
0x00007ff9cd5c0000 - 0x00007ff9cd5ca000 	C:\Windows\SYSTEM32\VERSION.dll
0x00007ff9cb8b0000 - 0x00007ff9cb8bf000 	C:\Program Files\Amazon Corretto\jdk1.8.0_332\jre\bin\verify.dll
0x00007ff9c5f70000 - 0x00007ff9c5f99000 	C:\Program Files\Amazon Corretto\jdk1.8.0_332\jre\bin\java.dll
0x00007ff9c60d0000 - 0x00007ff9c60e6000 	C:\Program Files\Amazon Corretto\jdk1.8.0_332\jre\bin\zip.dll
0x00007ff9d4f90000 - 0x00007ff9d56d4000 	C:\Windows\System32\SHELL32.dll
0x00007ff9d1bb0000 - 0x00007ff9d2344000 	C:\Windows\SYSTEM32\windows.storage.dll
0x00007ff9d4680000 - 0x00007ff9d49d4000 	C:\Windows\System32\combase.dll
0x00007ff9d3590000 - 0x00007ff9d35bc000 	C:\Windows\SYSTEM32\Wldp.dll
0x00007ff9d6230000 - 0x00007ff9d62dd000 	C:\Windows\System32\SHCORE.dll
0x00007ff9d61d0000 - 0x00007ff9d6225000 	C:\Windows\System32\shlwapi.dll
0x00007ff9d3ae0000 - 0x00007ff9d3aff000 	C:\Windows\SYSTEM32\profapi.dll
0x00007ff9b6fc0000 - 0x00007ff9b6fda000 	C:\Program Files\Amazon Corretto\jdk1.8.0_332\jre\bin\net.dll
0x00007ff9d3290000 - 0x00007ff9d32fa000 	C:\Windows\system32\mswsock.dll
0x00007ff9b63b0000 - 0x00007ff9b63c2000 	C:\Program Files\Amazon Corretto\jdk1.8.0_332\jre\bin\nio.dll
0x00007ff9ac390000 - 0x00007ff9ac405000 	C:\Users\Lorenz\AppData\Local\Temp\lwjglLorenz\3.3.1-build-7\lwjgl.dll
0x00007ff9b53c0000 - 0x00007ff9b5421000 	C:\Users\Lorenz\AppData\Local\Temp\lwjglLorenz\3.3.1-build-7\glfw.dll
0x00007ff9b1930000 - 0x00007ff9b1975000 	C:\Windows\SYSTEM32\dinput8.dll
0x00007ff9b4fe0000 - 0x00007ff9b4ff1000 	C:\Windows\SYSTEM32\xinput1_4.dll
0x00007ff9d3ba0000 - 0x00007ff9d3bee000 	C:\Windows\System32\cfgmgr32.dll
0x00007ff9d38e0000 - 0x00007ff9d390c000 	C:\Windows\SYSTEM32\DEVOBJ.dll
0x00007ff9d1410000 - 0x00007ff9d143f000 	C:\Windows\SYSTEM32\dwmapi.dll
0x00007ff9c5940000 - 0x00007ff9c5a92000 	C:\Windows\SYSTEM32\inputhost.dll
0x00007ff9d5bb0000 - 0x00007ff9d5c7d000 	C:\Windows\System32\OLEAUT32.dll
0x00007ff9d0d60000 - 0x00007ff9d0e52000 	C:\Windows\SYSTEM32\CoreMessaging.dll
0x00007ff9cf2e0000 - 0x00007ff9cf3d6000 	C:\Windows\SYSTEM32\PROPSYS.dll
0x00007ff9d01e0000 - 0x00007ff9d0334000 	C:\Windows\SYSTEM32\wintypes.dll
0x00007ff9d0900000 - 0x00007ff9d0c5e000 	C:\Windows\SYSTEM32\CoreUIComponents.dll
0x00007ff9d4300000 - 0x00007ff9d4382000 	C:\Windows\System32\bcryptPrimitives.dll
0x00007ff9d2960000 - 0x00007ff9d2993000 	C:\Windows\SYSTEM32\ntmarta.dll
0x00007ff9d2430000 - 0x00007ff9d2442000 	C:\Windows\SYSTEM32\kernel.appcore.dll
0x00007ff9d1120000 - 0x00007ff9d11be000 	C:\Windows\system32\uxtheme.dll
0x00007ff9d49f0000 - 0x00007ff9d4b05000 	C:\Windows\System32\MSCTF.dll
0x00007ff9c2410000 - 0x00007ff9c2536000 	C:\Windows\SYSTEM32\opengl32.dll
0x00007ff9c2360000 - 0x00007ff9c238c000 	C:\Windows\SYSTEM32\GLU32.dll
0x00007ff9d5800000 - 0x00007ff9d58a9000 	C:\Windows\System32\clbcatq.dll
0x00007ff98d0b0000 - 0x00007ff98e0c2000 	C:\Windows\System32\DriverStore\FileRepository\iigd_dch.inf_amd64_d0b39b11619fd0c4\ig9icd64.dll
0x00007ff9d5940000 - 0x00007ff9d5a6a000 	C:\Windows\System32\ole32.dll
0x00007ff9d24a0000 - 0x00007ff9d2593000 	C:\Windows\system32\dxgi.dll
0x00007ff996c00000 - 0x00007ff996ee7000 	C:\Windows\System32\DriverStore\FileRepository\iigd_dch.inf_amd64_d0b39b11619fd0c4\igdml64.dll
0x00007ff9be5c0000 - 0x00007ff9be987000 	C:\Windows\System32\DriverStore\FileRepository\iigd_dch.inf_amd64_d0b39b11619fd0c4\igdgmm64.dll
0x00007ff9bb000000 - 0x00007ff9be5b2000 	C:\Windows\System32\DriverStore\FileRepository\iigd_dch.inf_amd64_d0b39b11619fd0c4\igc64.dll
0x00007ff9d3960000 - 0x00007ff9d39ab000 	C:\Windows\SYSTEM32\powrprof.dll
0x00007ff9d3940000 - 0x00007ff9d3952000 	C:\Windows\SYSTEM32\UMPDC.dll
0x00007ff9ac8f0000 - 0x00007ff9ac94d000 	C:\Users\Lorenz\AppData\Local\Temp\lwjglLorenz\3.3.1-build-7\lwjgl_opengl.dll
0x00007ff9d1700000 - 0x00007ff9d18e4000 	C:\Windows\SYSTEM32\dbghelp.dll

VM Arguments:
jvm_args: -Dfile.encoding=UTF-8 
java_command: gamelauncher.test.WindowTest
java_class_path (initial): C:\Users\Lorenz\git\GameLauncher\lwjgl\target\test-classes;C:\Users\Lorenz\git\GameLauncher\lwjgl\target\classes;C:\Users\Lorenz\git\GameLauncher\base\target\classes;C:\Users\Lorenz\.m2\repository\com\google\code\gson\gson\2.9.0\gson-2.9.0.jar;C:\Users\Lorenz\.m2\repository\org\l33tlabs\twl\pngdecoder\1.0\pngdecoder-1.0.jar;C:\Users\Lorenz\.m2\repository\org\lwjgl\lwjgl\3.3.1\lwjgl-3.3.1.jar;C:\Users\Lorenz\.m2\repository\org\lwjgl\lwjgl-assimp\3.3.1\lwjgl-assimp-3.3.1.jar;C:\Users\Lorenz\.m2\repository\org\lwjgl\lwjgl-glfw\3.3.1\lwjgl-glfw-3.3.1.jar;C:\Users\Lorenz\.m2\repository\org\lwjgl\lwjgl-openal\3.3.1\lwjgl-openal-3.3.1.jar;C:\Users\Lorenz\.m2\repository\org\lwjgl\lwjgl-opengl\3.3.1\lwjgl-opengl-3.3.1.jar;C:\Users\Lorenz\.m2\repository\org\lwjgl\lwjgl-stb\3.3.1\lwjgl-stb-3.3.1.jar;C:\Users\Lorenz\.m2\repository\org\lwjgl\lwjgl\3.3.1\lwjgl-3.3.1-natives-windows.jar;C:\Users\Lorenz\.m2\repository\org\lwjgl\lwjgl-assimp\3.3.1\lwjgl-assimp-3.3.1-natives-windows.jar;C:\Users\Lorenz\.m2\repository\org\lwjgl\lwjgl-glfw\3.3.1\lwjgl-glfw-3.3.1-natives-windows.jar;C:\Users\Lorenz\.m2\repository\org\lwjgl\lwjgl-openal\3.3.1\lwjgl-openal-3.3.1-natives-windows.jar;C:\Users\Lorenz\.m2\repository\org\lwjgl\lwjgl-opengl\3.3.1\lwjgl-opengl-3.3.1-natives-windows.jar;C:\Users\Lorenz\.m2\repository\org\lwjgl\lwjgl-stb\3.3.1\lwjgl-stb-3.3.1-natives-windows.jar;C:\Users\Lorenz\.m2\repository\org\joml\joml\1.10.4\joml-1.10.4.jar
Launcher Type: SUN_STANDARD

Environment Variables:
JAVA_HOME=C:\Program Files\Amazon Corretto\jdk17.0.3_6
PATH=C:/Program Files/Amazon Corretto/jdk17.0.3_6/bin/server;C:/Program Files/Amazon Corretto/jdk17.0.3_6/bin;C:\Windows\system32;C:\Windows;C:\Windows\System32\Wbem;C:\Windows\System32\WindowsPowerShell\v1.0\;C:\Windows\System32\OpenSSH\;C:\Program Files\dotnet\;C:\Program Files (x86)\Intel\Intel(R) Management Engine Components\DAL;C:\Program Files\Intel\Intel(R) Management Engine Components\DAL;C:\Program Files\PuTTY\;C:\Program Files\Amazon Corretto\jdk17.0.3_6\bin;C:\Users\Lorenz\AppData\Local\Microsoft\WindowsApps;C:\Users\Lorenz\AppData\Local\GitHubDesktop\bin;C:\Windows\system32;
USERNAME=Lorenz
OS=Windows_NT
PROCESSOR_IDENTIFIER=Intel64 Family 6 Model 78 Stepping 3, GenuineIntel



---------------  S Y S T E M  ---------------

OS: Windows 10.0 , 64 bit Build 19041 (10.0.19041.1706)

CPU:total 4 (initial active 4) (2 cores per cpu, 2 threads per core) family 6 model 78 stepping 3, cmov, cx8, fxsr, mmx, sse, sse2, sse3, ssse3, sse4.1, sse4.2, popcnt, avx, avx2, aes, clmul, erms, rtm, 3dnowpref, lzcnt, ht, tsc, tscinvbit, bmi1, bmi2, adx

Memory: 4k page, physical 16655000k(7492900k free), swap 34480792k(21442176k free)

vm_info: OpenJDK 64-Bit Server VM (25.332-b08) for windows-amd64 JRE (1.8.0_332-b08), built on Apr 16 2022 08:31:02 by "Administrator" with MS VC++ 12.0 (VS2013)

time: Mon May 16 01:32:36 2022
timezone: W. Europe Daylight Time
elapsed time: 0.471040 seconds (0d 0h 0m 0s)

